2021-05-22 20:34:11,356 [Worker-1: Loading available Gradle versions] INFO  o.e.b.c.i.u.g.PublishedGradleVersions - Gradle version information cache is out-of-date. Trying to update.
2021-05-22 20:34:11,728 [Worker-1: Loading available Gradle versions] INFO  o.e.b.c.i.u.g.PublishedGradleVersions - Updating Gradle version information cache failed. Using outdated cache.
2021-05-22 20:38:32,326 [Worker-20: Creating maven-archetype-quickstart] INFO  o.e.m.c.i.p.ProjectConfigurationManager - Collecting project info '/pom.xml' C:\OneBillTask1\modifySubscriptions\pom.xml
2021-05-22 20:38:43,887 [Worker-20: Creating maven-archetype-quickstart] INFO  o.e.m.c.i.l.LifecycleMappingFactory - Using org.eclipse.m2e.jdt.JarLifecycleMapping lifecycle mapping for MavenProject: com.oneBillTask1:modifySubscriptions:0.0.1-SNAPSHOT @ C:\OneBillTask1\modifySubscriptions\pom.xml.
2021-05-22 20:38:47,314 [Worker-20: Creating maven-archetype-quickstart] INFO  o.e.m.j.i.AbstractJavaProjectConfigurator - Adding source folder /modifySubscriptions/src/main/java
2021-05-22 20:38:47,334 [Worker-20: Creating maven-archetype-quickstart] INFO  o.e.m.j.i.AbstractJavaProjectConfigurator - Adding source folder /modifySubscriptions/src/test/java
2021-05-22 20:38:49,892 [Worker-20: Creating maven-archetype-quickstart] INFO  o.e.m.c.i.p.ProjectConfigurationManager - Imported and configured 1 project(s) in 17 sec
2021-05-22 20:38:52,611 [Worker-22: Building] INFO  o.e.m.c.i.embedder.EclipseLogger - Using 'UTF-8' encoding to copy filtered resources.
2021-05-22 20:38:52,612 [Worker-22: Building] INFO  o.e.m.c.i.embedder.EclipseLogger - skip non existing resourceDirectory C:\OneBillTask1\modifySubscriptions\src\main\resources
2021-05-22 20:38:52,617 [Worker-22: Building] INFO  o.e.m.c.i.embedder.EclipseLogger - Using 'UTF-8' encoding to copy filtered resources.
2021-05-22 20:38:52,618 [Worker-22: Building] INFO  o.e.m.c.i.embedder.EclipseLogger - skip non existing resourceDirectory C:\OneBillTask1\modifySubscriptions\src\test\resources
2021-05-22 20:40:00,813 [Worker-24: Building] INFO  o.e.m.c.i.l.LifecycleMappingFactory - Using org.eclipse.m2e.jdt.JarLifecycleMapping lifecycle mapping for MavenProject: com:onebill:0.0.1-SNAPSHOT @ C:\OneBillTask1\modifySubscriptions\pom.xml.
2021-05-22 20:40:01,930 [Worker-24: Building] INFO  o.e.m.c.i.embedder.EclipseLogger - Using 'UTF-8' encoding to copy filtered resources.
2021-05-22 20:40:01,931 [Worker-24: Building] INFO  o.e.m.c.i.embedder.EclipseLogger - skip non existing resourceDirectory C:\OneBillTask1\modifySubscriptions\src\main\resources
2021-05-22 20:40:01,936 [Worker-24: Building] INFO  o.e.m.c.i.embedder.EclipseLogger - Using 'UTF-8' encoding to copy filtered resources.
2021-05-22 20:40:01,936 [Worker-24: Building] INFO  o.e.m.c.i.embedder.EclipseLogger - skip non existing resourceDirectory C:\OneBillTask1\modifySubscriptions\src\test\resources
2021-05-22 20:40:06,215 [Worker-22: Building] INFO  o.e.m.c.i.embedder.EclipseLogger - Using 'UTF-8' encoding to copy filtered resources.
2021-05-22 20:40:06,215 [Worker-22: Building] INFO  o.e.m.c.i.embedder.EclipseLogger - skip non existing resourceDirectory C:\OneBillTask1\modifySubscriptions\src\main\resources
2021-05-22 20:40:06,219 [Worker-22: Building] INFO  o.e.m.c.i.embedder.EclipseLogger - Using 'UTF-8' encoding to copy filtered resources.
2021-05-22 20:40:06,220 [Worker-22: Building] INFO  o.e.m.c.i.embedder.EclipseLogger - skip non existing resourceDirectory C:\OneBillTask1\modifySubscriptions\src\test\resources
2021-05-22 20:42:06,944 [Worker-23: Updating Maven Project] INFO  o.e.m.c.i.p.ProjectConfigurationManager - Update started
2021-05-22 20:42:08,741 [Worker-23: Updating Maven Project] INFO  o.e.m.c.i.l.LifecycleMappingFactory - Using org.eclipse.m2e.jdt.JarLifecycleMapping lifecycle mapping for MavenProject: com:onebill:0.0.1-SNAPSHOT @ C:\OneBillTask1\modifySubscriptions\pom.xml.
2021-05-22 20:42:09,698 [Worker-23: Updating Maven Project] INFO  o.e.m.j.i.AbstractJavaProjectConfigurator - Adding source folder /modifySubscriptions/src/main/java
2021-05-22 20:42:09,701 [Worker-23: Updating Maven Project] INFO  o.e.m.j.i.AbstractJavaProjectConfigurator - Adding source folder /modifySubscriptions/src/test/java
2021-05-22 20:42:10,306 [Worker-23: Updating Maven Project] INFO  o.e.m.c.i.p.ProjectConfigurationManager - Update completed: 3 sec
2021-05-22 20:42:10,921 [Worker-23: Building] INFO  o.e.m.c.i.embedder.EclipseLogger - Using 'UTF-8' encoding to copy filtered resources.
2021-05-22 20:42:10,922 [Worker-23: Building] INFO  o.e.m.c.i.embedder.EclipseLogger - skip non existing resourceDirectory C:\OneBillTask1\modifySubscriptions\src\main\resources
2021-05-22 20:42:10,927 [Worker-23: Building] INFO  o.e.m.c.i.embedder.EclipseLogger - Using 'UTF-8' encoding to copy filtered resources.
2021-05-22 20:42:10,927 [Worker-23: Building] INFO  o.e.m.c.i.embedder.EclipseLogger - skip non existing resourceDirectory C:\OneBillTask1\modifySubscriptions\src\test\resources
2021-05-22 20:43:10,111 [Worker-23: Building] INFO  o.e.m.c.i.embedder.EclipseLogger - Using 'UTF-8' encoding to copy filtered resources.
2021-05-22 20:43:10,112 [Worker-23: Building] INFO  o.e.m.c.i.embedder.EclipseLogger - skip non existing resourceDirectory C:\OneBillTask1\modifySubscriptions\src\main\resources
2021-05-22 20:43:10,114 [Worker-23: Building] INFO  o.e.m.c.i.embedder.EclipseLogger - Using 'UTF-8' encoding to copy filtered resources.
2021-05-22 20:43:10,115 [Worker-23: Building] INFO  o.e.m.c.i.embedder.EclipseLogger - skip non existing resourceDirectory C:\OneBillTask1\modifySubscriptions\src\test\resources
2021-05-22 20:43:25,872 [Worker-27: Building] INFO  o.e.m.c.i.embedder.EclipseLogger - Using 'UTF-8' encoding to copy filtered resources.
2021-05-22 20:43:25,873 [Worker-27: Building] INFO  o.e.m.c.i.embedder.EclipseLogger - skip non existing resourceDirectory C:\OneBillTask1\modifySubscriptions\src\main\resources
2021-05-22 20:43:25,876 [Worker-27: Building] INFO  o.e.m.c.i.embedder.EclipseLogger - Using 'UTF-8' encoding to copy filtered resources.
2021-05-22 20:43:25,877 [Worker-27: Building] INFO  o.e.m.c.i.embedder.EclipseLogger - skip non existing resourceDirectory C:\OneBillTask1\modifySubscriptions\src\test\resources
2021-05-22 20:43:35,497 [Worker-23: Building] INFO  o.e.m.c.i.embedder.EclipseLogger - Using 'UTF-8' encoding to copy filtered resources.
2021-05-22 20:43:35,499 [Worker-23: Building] INFO  o.e.m.c.i.embedder.EclipseLogger - skip non existing resourceDirectory C:\OneBillTask1\modifySubscriptions\src\main\resources
2021-05-22 20:43:35,503 [Worker-23: Building] INFO  o.e.m.c.i.embedder.EclipseLogger - Using 'UTF-8' encoding to copy filtered resources.
2021-05-22 20:43:35,504 [Worker-23: Building] INFO  o.e.m.c.i.embedder.EclipseLogger - skip non existing resourceDirectory C:\OneBillTask1\modifySubscriptions\src\test\resources
2021-05-22 20:43:59,909 [Worker-27: Building] INFO  o.e.m.c.i.embedder.EclipseLogger - Using 'UTF-8' encoding to copy filtered resources.
2021-05-22 20:43:59,910 [Worker-27: Building] INFO  o.e.m.c.i.embedder.EclipseLogger - skip non existing resourceDirectory C:\OneBillTask1\modifySubscriptions\src\main\resources
2021-05-22 20:43:59,915 [Worker-27: Building] INFO  o.e.m.c.i.embedder.EclipseLogger - Using 'UTF-8' encoding to copy filtered resources.
2021-05-22 20:43:59,916 [Worker-27: Building] INFO  o.e.m.c.i.embedder.EclipseLogger - skip non existing resourceDirectory C:\OneBillTask1\modifySubscriptions\src\test\resources
2021-05-22 20:45:42,212 [Worker-27: Building] INFO  o.e.m.c.i.embedder.EclipseLogger - Using 'UTF-8' encoding to copy filtered resources.
2021-05-22 20:45:42,212 [Worker-27: Building] INFO  o.e.m.c.i.embedder.EclipseLogger - skip non existing resourceDirectory C:\OneBillTask1\modifySubscriptions\src\main\resources
2021-05-22 20:45:42,215 [Worker-27: Building] INFO  o.e.m.c.i.embedder.EclipseLogger - Using 'UTF-8' encoding to copy filtered resources.
2021-05-22 20:45:42,216 [Worker-27: Building] INFO  o.e.m.c.i.embedder.EclipseLogger - skip non existing resourceDirectory C:\OneBillTask1\modifySubscriptions\src\test\resources
2021-05-22 20:46:02,878 [Worker-27: Building] INFO  o.e.m.c.i.embedder.EclipseLogger - Using 'UTF-8' encoding to copy filtered resources.
2021-05-22 20:46:02,879 [Worker-27: Building] INFO  o.e.m.c.i.embedder.EclipseLogger - skip non existing resourceDirectory C:\OneBillTask1\modifySubscriptions\src\main\resources
2021-05-22 20:46:02,882 [Worker-27: Building] INFO  o.e.m.c.i.embedder.EclipseLogger - Using 'UTF-8' encoding to copy filtered resources.
2021-05-22 20:46:02,883 [Worker-27: Building] INFO  o.e.m.c.i.embedder.EclipseLogger - skip non existing resourceDirectory C:\OneBillTask1\modifySubscriptions\src\test\resources
2021-05-22 20:47:00,614 [Worker-30: Building] INFO  o.e.m.c.i.embedder.EclipseLogger - Using 'UTF-8' encoding to copy filtered resources.
2021-05-22 20:47:00,615 [Worker-30: Building] INFO  o.e.m.c.i.embedder.EclipseLogger - skip non existing resourceDirectory C:\OneBillTask1\modifySubscriptions\src\main\resources
2021-05-22 20:47:00,619 [Worker-30: Building] INFO  o.e.m.c.i.embedder.EclipseLogger - Using 'UTF-8' encoding to copy filtered resources.
2021-05-22 20:47:00,619 [Worker-30: Building] INFO  o.e.m.c.i.embedder.EclipseLogger - skip non existing resourceDirectory C:\OneBillTask1\modifySubscriptions\src\test\resources
